生成启动时间为 2018/3/11 10:06:34。
     1>项目“C:\Users\user\Documents\Visual Studio 2010\Projects\little game\little game\little game.vcxproj”在节点 2 上(build 个目标)。
     1>InitializeBuildStatus:
         正在对“Debug\little game.unsuccessfulbuild”执行 Touch 任务。
       ClCompile:
         C:\Program Files (x86)\Microsoft Visual Studio 10.0\VC\bin\CL.exe /c /ZI /nologo /W3 /WX- /Od /Oy- /D _MBCS /Gm /EHsc /RTC1 /MDd /GS /fp:precise /Zc:wchar_t /Zc:forScope /Fo"Debug\\" /Fd"Debug\vc100.pdb" /Gd /TP /analyze- /errorReport:prompt game.cpp
         game.cpp
     1>c:\users\user\documents\visual studio 2010\projects\little game\little game\game.cpp(646): warning C4018: “<”: 有符号/无符号不匹配
       Link:
         C:\Program Files (x86)\Microsoft Visual Studio 10.0\VC\bin\link.exe /ERRORREPORT:PROMPT /OUT:"C:\Users\user\Documents\Visual Studio 2010\Projects\little game\Debug\little game.exe" /NOLOGO kernel32.lib user32.lib gdi32.lib winspool.lib comdlg32.lib advapi32.lib shell32.lib ole32.lib oleaut32.lib uuid.lib odbc32.lib odbccp32.lib /MANIFEST /ManifestFile:"Debug\little game.exe.intermediate.manifest" /MANIFESTUAC:"level='asInvoker' uiAccess='false'" /DEBUG /PDB:"C:\Users\user\Documents\Visual Studio 2010\Projects\little game\Debug\little game.pdb" /TLBID:1 /DYNAMICBASE /NXCOMPAT /IMPLIB:"C:\Users\user\Documents\Visual Studio 2010\Projects\little game\Debug\little game.lib" /MACHINE:X86 Debug\classDef.obj
         Debug\game.obj
     1>classDef.obj : error LNK2019: 无法解析的外部符号 "float __cdecl clamp(float,float,float)" (?clamp@@YAMMMM@Z)，该符号在函数 "public: void __thiscall Plane::SetPosition(float,float)" (?SetPosition@Plane@@QAEXMM@Z) 中被引用
     1>classDef.obj : error LNK2019: 无法解析的外部符号 "void __cdecl DrawImage(char *,int,int,int,int)" (?DrawImage@@YAXPADHHHH@Z)，该符号在函数 "public: void __thiscall Plane::Render(void)" (?Render@Plane@@QAEXXZ) 中被引用
     1>C:\Users\user\Documents\Visual Studio 2010\Projects\little game\Debug\little game.exe : fatal error LNK1120: 2 个无法解析的外部命令
     1>已完成生成项目“C:\Users\user\Documents\Visual Studio 2010\Projects\little game\little game\little game.vcxproj”(build 个目标)的操作 - 失败。

生成失败。

已用时间 00:00:02.00
