生成启动时间为 2018/3/11 17:17:30。
     1>项目“C:\Users\user\Documents\Visual Studio 2010\Projects\顺序站验证实验\顺序站验证实验\顺序站验证实验.vcxproj”在节点 2 上(build 个目标)。
     1>InitializeBuildStatus:
         正在对“Debug\顺序站验证实验.unsuccessfulbuild”执行 Touch 任务。
       ClCompile:
         C:\Program Files (x86)\Microsoft Visual Studio 10.0\VC\bin\CL.exe /c /ZI /nologo /W3 /WX- /Od /Oy- /D _UNICODE /D UNICODE /Gm /EHsc /RTC1 /MDd /GS /fp:precise /Zc:wchar_t /Zc:forScope /Fo"Debug\\" /Fd"Debug\vc100.pdb" /Gd /TP /analyze- /errorReport:prompt SeqStack.cpp SeqStack_main.cpp
         SeqStack_main.cpp
     1>c:\users\user\documents\visual studio 2010\projects\顺序站验证实验\顺序站验证实验\seqstack.cpp(5): error C2995: “SeqStack<DataType>::SeqStack(void)”: 函数模板已经定义
                 c:\users\user\documents\visual studio 2010\projects\顺序站验证实验\顺序站验证实验\seqstack.h(7) : 参见“SeqStack<DataType>::SeqStack”的声明
     1>c:\users\user\documents\visual studio 2010\projects\顺序站验证实验\顺序站验证实验\seqstack.cpp(25): error C2143: 语法错误 : 缺少“;”(在“SeqStack<DataType>::GetTop”的前面)
     1>c:\users\user\documents\visual studio 2010\projects\顺序站验证实验\顺序站验证实验\seqstack.cpp(25): error C4430: 缺少类型说明符 - 假定为 int。注意: C++ 不支持默认 int
     1>c:\users\user\documents\visual studio 2010\projects\顺序站验证实验\顺序站验证实验\seqstack.h(7): error C2333: “SeqStack<DataType>::SeqStack”: 函数声明中有错误；跳过函数体
                 with
                 [
                     DataType=int
                 ]
                 c:\users\user\documents\visual studio 2010\projects\顺序站验证实验\顺序站验证实验\seqstack_main.cpp(5): 参见对正在编译的类 模板 实例化“SeqStack<DataType>”的引用
                 with
                 [
                     DataType=int
                 ]
     1>c:\users\user\documents\visual studio 2010\projects\顺序站验证实验\顺序站验证实验\seqstack_main.cpp(5): error C2264: “SeqStack<DataType>::SeqStack”: 函数定义或声明中有错误；未调用函数
                 with
                 [
                     DataType=int
                 ]
         SeqStack.cpp
     1>c:\users\user\documents\visual studio 2010\projects\顺序站验证实验\顺序站验证实验\seqstack.cpp(5): error C2995: “SeqStack<DataType>::SeqStack(void)”: 函数模板已经定义
                 c:\users\user\documents\visual studio 2010\projects\顺序站验证实验\顺序站验证实验\seqstack.h(7) : 参见“SeqStack<DataType>::SeqStack”的声明
     1>c:\users\user\documents\visual studio 2010\projects\顺序站验证实验\顺序站验证实验\seqstack.cpp(25): error C2143: 语法错误 : 缺少“;”(在“SeqStack<DataType>::GetTop”的前面)
     1>c:\users\user\documents\visual studio 2010\projects\顺序站验证实验\顺序站验证实验\seqstack.cpp(25): error C4430: 缺少类型说明符 - 假定为 int。注意: C++ 不支持默认 int
         正在生成代码...
     1>已完成生成项目“C:\Users\user\Documents\Visual Studio 2010\Projects\顺序站验证实验\顺序站验证实验\顺序站验证实验.vcxproj”(build 个目标)的操作 - 失败。

生成失败。

已用时间 00:00:00.94
