生成启动时间为 2016/11/14 14:08:43。
     1>项目“C:\Users\user\Documents\Visual Studio 2010\Projects\Copy\Copy\Copy.vcxproj”在节点 2 上(build 个目标)。
     1>InitializeBuildStatus:
         正在对“Debug\Copy.unsuccessfulbuild”执行 Touch 任务。
       ClCompile:
         C:\Program Files (x86)\Microsoft Visual Studio 10.0\VC\bin\CL.exe /c /ZI /nologo /W3 /WX- /Od /Oy- /D _MBCS /Gm /EHsc /RTC1 /MDd /GS /fp:precise /Zc:wchar_t /Zc:forScope /Fo"Debug\\" /Fd"Debug\vc100.pdb" /Gd /TP /analyze- /errorReport:prompt "阿萨德.cpp"
         阿萨德.cpp
     1>c:\users\user\documents\visual studio 2010\projects\copy\copy\阿萨德.cpp(21): error C2143: 语法错误 : 缺少“)”(在“this”的前面)
     1>c:\users\user\documents\visual studio 2010\projects\copy\copy\阿萨德.cpp(21): error C2143: 语法错误 : 缺少“;”(在“this”的前面)
     1>c:\users\user\documents\visual studio 2010\projects\copy\copy\阿萨德.cpp(21): error C2549: 用户定义的转换不能指定返回类型
     1>c:\users\user\documents\visual studio 2010\projects\copy\copy\阿萨德.cpp(21): error C2586: 不正确的用户定义的转换语法 : 非法间接寻址
     1>c:\users\user\documents\visual studio 2010\projects\copy\copy\阿萨德.cpp(21): error C2761: “std::basic_ostream<_Elem,_Traits>::sentry::operator std::_Bool_type(void) const”: 不允许成员函数重新声明
                 with
                 [
                     _Elem=char,
                     _Traits=std::char_traits<char>
                 ]
     1>c:\users\user\documents\visual studio 2010\projects\copy\copy\阿萨德.cpp(21): error C2059: 语法错误:“)”
     1>c:\users\user\documents\visual studio 2010\projects\copy\copy\阿萨德.cpp(24): error C2065: “_DWORD”: 未声明的标识符
     1>c:\users\user\documents\visual studio 2010\projects\copy\copy\阿萨德.cpp(24): warning C4229: 使用了记时错误: 忽略数据上的修饰符
     1>c:\users\user\documents\visual studio 2010\projects\copy\copy\阿萨德.cpp(25): error C2761: “size_t std::char_traits<char>::length(const std::char_traits<char>::_Elem *)”: 不允许成员函数重新声明
     1>c:\users\user\documents\visual studio 2010\projects\copy\copy\阿萨德.cpp(26): error C2761: “bool std::char_traits<char>::eq_int_type(const std::char_traits<char>::int_type &,const std::char_traits<char>::int_type &)”: 不允许成员函数重新声明
     1>c:\users\user\documents\visual studio 2010\projects\copy\copy\阿萨德.cpp(27): warning C4273: “terminate”: dll 链接不一致
                 c:\program files (x86)\microsoft visual studio 10.0\vc\include\eh.h(55) : 参见“terminate”的前一个定义
     1>c:\users\user\documents\visual studio 2010\projects\copy\copy\阿萨德.cpp(28): error C2065: “_DWORD”: 未声明的标识符
     1>c:\users\user\documents\visual studio 2010\projects\copy\copy\阿萨德.cpp(28): error C2065: “_DWORD”: 未声明的标识符
     1>c:\users\user\documents\visual studio 2010\projects\copy\copy\阿萨德.cpp(28): warning C4229: 使用了记时错误: 忽略数据上的修饰符
     1>c:\users\user\documents\visual studio 2010\projects\copy\copy\阿萨德.cpp(28): error C2078: 初始值设定项太多
     1>c:\users\user\documents\visual studio 2010\projects\copy\copy\阿萨德.cpp(32): error C2065: “_DWORD”: 未声明的标识符
     1>c:\users\user\documents\visual studio 2010\projects\copy\copy\阿萨德.cpp(32): warning C4229: 使用了记时错误: 忽略数据上的修饰符
     1>c:\users\user\documents\visual studio 2010\projects\copy\copy\阿萨德.cpp(34): error C2761: “std::char_traits<char>::int_type std::char_traits<char>::eof(void)”: 不允许成员函数重新声明
     1>c:\users\user\documents\visual studio 2010\projects\copy\copy\阿萨德.cpp(35): error C2143: 语法错误 : 缺少“)”(在“this”的前面)
     1>c:\users\user\documents\visual studio 2010\projects\copy\copy\阿萨德.cpp(35): error C2143: 语法错误 : 缺少“;”(在“this”的前面)
     1>c:\users\user\documents\visual studio 2010\projects\copy\copy\阿萨德.cpp(35): error C2761: “std::basic_ostream<_Elem,_Traits>::sentry::~sentry(void)”: 不允许成员函数重新声明
                 with
                 [
                     _Elem=char,
                     _Traits=std::char_traits<char>
                 ]
     1>c:\users\user\documents\visual studio 2010\projects\copy\copy\阿萨德.cpp(35): error C2059: 语法错误:“)”
     1>c:\users\user\documents\visual studio 2010\projects\copy\copy\阿萨德.cpp(39): error C2244: “std::operator <<”: 无法将函数定义与现有的声明匹配
     1>c:\users\user\documents\visual studio 2010\projects\copy\copy\阿萨德.cpp(41): error C2143: 语法错误 : 缺少“)”(在“this”的前面)
     1>c:\users\user\documents\visual studio 2010\projects\copy\copy\阿萨德.cpp(41): error C2143: 语法错误 : 缺少“;”(在“this”的前面)
     1>c:\users\user\documents\visual studio 2010\projects\copy\copy\阿萨德.cpp(41): error C2761: “std::basic_ostream<_Elem,_Traits>::_Sentry_base::~_Sentry_base(void)”: 不允许成员函数重新声明
                 with
                 [
                     _Elem=char,
                     _Traits=std::char_traits<char>
                 ]
     1>c:\users\user\documents\visual studio 2010\projects\copy\copy\阿萨德.cpp(41): error C2059: 语法错误:“)”
     1>c:\users\user\documents\visual studio 2010\projects\copy\copy\阿萨德.cpp(43): error C2065: “_DWORD”: 未声明的标识符
     1>c:\users\user\documents\visual studio 2010\projects\copy\copy\阿萨德.cpp(43): warning C4229: 使用了记时错误: 忽略数据上的修饰符
     1>c:\users\user\documents\visual studio 2010\projects\copy\copy\阿萨德.cpp(47): error C2065: “_DWORD”: 未声明的标识符
     1>c:\users\user\documents\visual studio 2010\projects\copy\copy\阿萨德.cpp(47): error C2065: “_DWORD”: 未声明的标识符
     1>c:\users\user\documents\visual studio 2010\projects\copy\copy\阿萨德.cpp(47): error C2065: “_DWORD”: 未声明的标识符
     1>c:\users\user\documents\visual studio 2010\projects\copy\copy\阿萨德.cpp(47): error C2065: “_DWORD”: 未声明的标识符
     1>c:\users\user\documents\visual studio 2010\projects\copy\copy\阿萨德.cpp(47): error C2065: “_DWORD”: 未声明的标识符
     1>c:\users\user\documents\visual studio 2010\projects\copy\copy\阿萨德.cpp(47): warning C4229: 使用了记时错误: 忽略数据上的修饰符
     1>c:\users\user\documents\visual studio 2010\projects\copy\copy\阿萨德.cpp(47): error C2078: 初始值设定项太多
     1>c:\users\user\documents\visual studio 2010\projects\copy\copy\阿萨德.cpp(49): error C2065: “_DWORD”: 未声明的标识符
     1>c:\users\user\documents\visual studio 2010\projects\copy\copy\阿萨德.cpp(49): error C2065: “_DWORD”: 未声明的标识符
     1>c:\users\user\documents\visual studio 2010\projects\copy\copy\阿萨德.cpp(49): error C2065: “_DWORD”: 未声明的标识符
     1>c:\users\user\documents\visual studio 2010\projects\copy\copy\阿萨德.cpp(49): error C2065: “_DWORD”: 未声明的标识符
     1>c:\users\user\documents\visual studio 2010\projects\copy\copy\阿萨德.cpp(49): error C2065: “_DWORD”: 未声明的标识符
     1>c:\users\user\documents\visual studio 2010\projects\copy\copy\阿萨德.cpp(49): warning C4229: 使用了记时错误: 忽略数据上的修饰符
     1>c:\users\user\documents\visual studio 2010\projects\copy\copy\阿萨德.cpp(49): error C2078: 初始值设定项太多
     1>c:\users\user\documents\visual studio 2010\projects\copy\copy\阿萨德.cpp(51): error C2065: “_DWORD”: 未声明的标识符
     1>c:\users\user\documents\visual studio 2010\projects\copy\copy\阿萨德.cpp(51): warning C4229: 使用了记时错误: 忽略数据上的修饰符
     1>c:\users\user\documents\visual studio 2010\projects\copy\copy\阿萨德.cpp(52): error C2143: 语法错误 : 缺少“)”(在“this”的前面)
     1>c:\users\user\documents\visual studio 2010\projects\copy\copy\阿萨德.cpp(52): error C2143: 语法错误 : 缺少“;”(在“this”的前面)
     1>c:\users\user\documents\visual studio 2010\projects\copy\copy\阿萨德.cpp(52): error C2761: “{ctor}”: 不允许成员函数重新声明
     1>c:\users\user\documents\visual studio 2010\projects\copy\copy\阿萨德.cpp(52): error C2059: 语法错误:“)”
     1>c:\users\user\documents\visual studio 2010\projects\copy\copy\阿萨德.cpp(53): error C2065: “_DWORD”: 未声明的标识符
     1>c:\users\user\documents\visual studio 2010\projects\copy\copy\阿萨德.cpp(53): error C2065: “_DWORD”: 未声明的标识符
     1>c:\users\user\documents\visual studio 2010\projects\copy\copy\阿萨德.cpp(53): error C2065: “_DWORD”: 未声明的标识符
     1>c:\users\user\documents\visual studio 2010\projects\copy\copy\阿萨德.cpp(53): error C2065: “_DWORD”: 未声明的标识符
     1>c:\users\user\documents\visual studio 2010\projects\copy\copy\阿萨德.cpp(53): error C2065: “_DWORD”: 未声明的标识符
     1>c:\users\user\documents\visual studio 2010\projects\copy\copy\阿萨德.cpp(53): error C2065: “_DWORD”: 未声明的标识符
     1>c:\users\user\documents\visual studio 2010\projects\copy\copy\阿萨德.cpp(53): warning C4229: 使用了记时错误: 忽略数据上的修饰符
     1>c:\users\user\documents\visual studio 2010\projects\copy\copy\阿萨德.cpp(53): error C2078: 初始值设定项太多
     1>c:\users\user\documents\visual studio 2010\projects\copy\copy\阿萨德.cpp(56): error C2061: 语法错误: 标识符“_RTC_ALLOCA_NODE”
     1>c:\users\user\documents\visual studio 2010\projects\copy\copy\阿萨德.cpp(57): error C2143: 语法错误 : 缺少“)”(在“this”的前面)
     1>c:\users\user\documents\visual studio 2010\projects\copy\copy\阿萨德.cpp(57): error C2143: 语法错误 : 缺少“;”(在“this”的前面)
     1>c:\users\user\documents\visual studio 2010\projects\copy\copy\阿萨德.cpp(57): error C2761: “{ctor}”: 不允许成员函数重新声明
     1>c:\users\user\documents\visual studio 2010\projects\copy\copy\阿萨德.cpp(57): error C2059: 语法错误:“)”
     1>c:\users\user\documents\visual studio 2010\projects\copy\copy\阿萨德.cpp(58): error C2065: “_DWORD”: 未声明的标识符
     1>c:\users\user\documents\visual studio 2010\projects\copy\copy\阿萨德.cpp(58): warning C4229: 使用了记时错误: 忽略数据上的修饰符
     1>c:\users\user\documents\visual studio 2010\projects\copy\copy\阿萨德.cpp(59): error C2065: “_DWORD”: 未声明的标识符
     1>c:\users\user\documents\visual studio 2010\projects\copy\copy\阿萨德.cpp(59): error C2065: “_DWORD”: 未声明的标识符
     1>c:\users\user\documents\visual studio 2010\projects\copy\copy\阿萨德.cpp(59): warning C4229: 使用了记时错误: 忽略数据上的修饰符
     1>c:\users\user\documents\visual studio 2010\projects\copy\copy\阿萨德.cpp(59): error C2078: 初始值设定项太多
     1>c:\users\user\documents\visual studio 2010\projects\copy\copy\阿萨德.cpp(62): error C2244: “std::operator <<”: 无法将函数定义与现有的声明匹配
     1>c:\users\user\documents\visual studio 2010\projects\copy\copy\阿萨德.cpp(63): error C2761: “size_t std::char_traits<char>::length(const std::char_traits<char>::_Elem *)”: 不允许成员函数重新声明
     1>c:\users\user\documents\visual studio 2010\projects\copy\copy\阿萨德.cpp(64): error C2761: “bool std::char_traits<char>::eq_int_type(const std::char_traits<char>::int_type &,const std::char_traits<char>::int_type &)”: 不允许成员函数重新声明
     1>c:\users\user\documents\visual studio 2010\projects\copy\copy\阿萨德.cpp(65): error C2761: “std::char_traits<char>::int_type std::char_traits<char>::eof(void)”: 不允许成员函数重新声明
     1>c:\users\user\documents\visual studio 2010\projects\copy\copy\阿萨德.cpp(66): error C2143: 语法错误 : 缺少“)”(在“this”的前面)
     1>c:\users\user\documents\visual studio 2010\projects\copy\copy\阿萨德.cpp(66): error C2143: 语法错误 : 缺少“;”(在“this”的前面)
     1>c:\users\user\documents\visual studio 2010\projects\copy\copy\阿萨德.cpp(66): error C2761: “{ctor}”: 不允许成员函数重新声明
     1>c:\users\user\documents\visual studio 2010\projects\copy\copy\阿萨德.cpp(66): error C2059: 语法错误:“)”
     1>c:\users\user\documents\visual studio 2010\projects\copy\copy\阿萨德.cpp(67): error C2143: 语法错误 : 缺少“)”(在“this”的前面)
     1>c:\users\user\documents\visual studio 2010\projects\copy\copy\阿萨德.cpp(67): error C2143: 语法错误 : 缺少“;”(在“this”的前面)
     1>c:\users\user\documents\visual studio 2010\projects\copy\copy\阿萨德.cpp(67): error C2761: “std::basic_ostream<_Elem,_Traits>::sentry::~sentry(void)”: 不允许成员函数重新声明
                 with
                 [
                     _Elem=char,
                     _Traits=std::char_traits<char>
                 ]
     1>c:\users\user\documents\visual studio 2010\projects\copy\copy\阿萨德.cpp(67): error C2059: 语法错误:“)”
     1>c:\users\user\documents\visual studio 2010\projects\copy\copy\阿萨德.cpp(68): error C2143: 语法错误 : 缺少“)”(在“this”的前面)
     1>c:\users\user\documents\visual studio 2010\projects\copy\copy\阿萨德.cpp(68): error C2143: 语法错误 : 缺少“;”(在“this”的前面)
     1>c:\users\user\documents\visual studio 2010\projects\copy\copy\阿萨德.cpp(68): error C2549: 用户定义的转换不能指定返回类型
     1>c:\users\user\documents\visual studio 2010\projects\copy\copy\阿萨德.cpp(68): error C2586: 不正确的用户定义的转换语法 : 非法间接寻址
     1>c:\users\user\documents\visual studio 2010\projects\copy\copy\阿萨德.cpp(68): error C2761: “std::basic_ostream<_Elem,_Traits>::sentry::operator std::_Bool_type(void) const”: 不允许成员函数重新声明
                 with
                 [
                     _Elem=char,
                     _Traits=std::char_traits<char>
                 ]
     1>c:\users\user\documents\visual studio 2010\projects\copy\copy\阿萨德.cpp(68): error C2059: 语法错误:“)”
     1>c:\users\user\documents\visual studio 2010\projects\copy\copy\阿萨德.cpp(69): error C2143: 语法错误 : 缺少“)”(在“this”的前面)
     1>c:\users\user\documents\visual studio 2010\projects\copy\copy\阿萨德.cpp(69): error C2143: 语法错误 : 缺少“;”(在“this”的前面)
     1>c:\users\user\documents\visual studio 2010\projects\copy\copy\阿萨德.cpp(69): error C2761: “{ctor}”: 不允许成员函数重新声明
     1>c:\users\user\documents\visual studio 2010\projects\copy\copy\阿萨德.cpp(69): error C2059: 语法错误:“)”
     1>c:\users\user\documents\visual studio 2010\projects\copy\copy\阿萨德.cpp(70): error C2143: 语法错误 : 缺少“)”(在“this”的前面)
     1>c:\users\user\documents\visual studio 2010\projects\copy\copy\阿萨德.cpp(70): error C2143: 语法错误 : 缺少“;”(在“this”的前面)
     1>c:\users\user\documents\visual studio 2010\projects\copy\copy\阿萨德.cpp(70): error C2761: “std::basic_ostream<_Elem,_Traits>::_Sentry_base::~_Sentry_base(void)”: 不允许成员函数重新声明
                 with
                 [
                     _Elem=char,
                     _Traits=std::char_traits<char>
                 ]
     1>c:\users\user\documents\visual studio 2010\projects\copy\copy\阿萨德.cpp(70): error C2059: 语法错误:“)”
     1>c:\users\user\documents\visual studio 2010\projects\copy\copy\阿萨德.cpp(72): error C2061: 语法错误: 标识符“_RTC_framedesc”
     1>c:\users\user\documents\visual studio 2010\projects\copy\copy\阿萨德.cpp(73): error C2061: 语法错误: 标识符“_RTC_framedesc”
     1>c:\users\user\documents\visual studio 2010\projects\copy\copy\阿萨德.cpp(87): error C2061: 语法错误: 标识符“_RTC_ALLOCA_NODE”
     1>c:\users\user\documents\visual studio 2010\projects\copy\copy\阿萨德.cpp(91): error C2065: “_RTC_ErrorNumber”: 未声明的标识符
     1>c:\users\user\documents\visual studio 2010\projects\copy\copy\阿萨德.cpp(91): error C2146: 语法错误: 缺少“)”(在标识符“errnum”的前面)
     1>c:\users\user\documents\visual studio 2010\projects\copy\copy\阿萨德.cpp(91): warning C4229: 使用了记时错误: 忽略数据上的修饰符
     1>c:\users\user\documents\visual studio 2010\projects\copy\copy\阿萨德.cpp(91): error C2059: 语法错误:“)”
     1>c:\users\user\documents\visual studio 2010\projects\copy\copy\阿萨德.cpp(92): error C2065: “_RTC_ErrorNumber”: 未声明的标识符
     1>c:\users\user\documents\visual studio 2010\projects\copy\copy\阿萨德.cpp(92): error C2146: 语法错误: 缺少“)”(在标识符“errnum”的前面)
     1>c:\users\user\documents\visual studio 2010\projects\copy\copy\阿萨德.cpp(92): warning C4229: 使用了记时错误: 忽略数据上的修饰符
     1>c:\users\user\documents\visual studio 2010\projects\copy\copy\阿萨德.cpp(92): error C2059: 语法错误:“)”
     1>c:\users\user\documents\visual studio 2010\projects\copy\copy\阿萨德.cpp(175): error C2146: 语法错误: 缺少“;”(在标识符“__xc_a”的前面)
     1>c:\users\user\documents\visual studio 2010\projects\copy\copy\阿萨德.cpp(175): error C4430: 缺少类型说明符 - 假定为 int。注意: C++ 不支持默认 int
     1>c:\users\user\documents\visual studio 2010\projects\copy\copy\阿萨德.cpp(175): error C4430: 缺少类型说明符 - 假定为 int。注意: C++ 不支持默认 int
     1>c:\users\user\documents\visual studio 2010\projects\copy\copy\阿萨德.cpp(176): error C2146: 语法错误: 缺少“;”(在标识符“__xc_z”的前面)
     1>c:\users\user\documents\visual studio 2010\projects\copy\copy\阿萨德.cpp(176): error C4430: 缺少类型说明符 - 假定为 int。注意: C++ 不支持默认 int
     1>c:\users\user\documents\visual studio 2010\projects\copy\copy\阿萨德.cpp(176): error C2086: “int _UNKNOWN”: 重定义
                 c:\users\user\documents\visual studio 2010\projects\copy\copy\阿萨德.cpp(175) : 参见“_UNKNOWN”的声明
     1>c:\users\user\documents\visual studio 2010\projects\copy\copy\阿萨德.cpp(176): error C4430: 缺少类型说明符 - 假定为 int。注意: C++ 不支持默认 int
     1>c:\users\user\documents\visual studio 2010\projects\copy\copy\阿萨德.cpp(177): error C2146: 语法错误: 缺少“;”(在标识符“__xi_a”的前面)
     1>c:\users\user\documents\visual studio 2010\projects\copy\copy\阿萨德.cpp(177): error C4430: 缺少类型说明符 - 假定为 int。注意: C++ 不支持默认 int
     1>c:\users\user\documents\visual studio 2010\projects\copy\copy\阿萨德.cpp(177): error C2086: “int _UNKNOWN”: 重定义
                 c:\users\user\documents\visual studio 2010\projects\copy\copy\阿萨德.cpp(175) : 参见“_UNKNOWN”的声明
     1>c:\users\user\documents\visual studio 2010\projects\copy\copy\阿萨德.cpp(177): error C4430: 缺少类型说明符 - 假定为 int。注意: C++ 不支持默认 int
     1>c:\users\user\documents\visual studio 2010\projects\copy\copy\阿萨德.cpp(178): error C2146: 语法错误: 缺少“;”(在标识符“__xi_z”的前面)
     1>c:\users\user\documents\visual studio 2010\projects\copy\copy\阿萨德.cpp(178): error C4430: 缺少类型说明符 - 假定为 int。注意: C++ 不支持默认 int
     1>c:\users\user\documents\visual studio 2010\projects\copy\copy\阿萨德.cpp(178): error C2086: “int _UNKNOWN”: 重定义
                 c:\users\user\documents\visual studio 2010\projects\copy\copy\阿萨德.cpp(175) : 参见“_UNKNOWN”的声明
     1>c:\users\user\documents\visual studio 2010\projects\copy\copy\阿萨德.cpp(178): error C4430: 缺少类型说明符 - 假定为 int。注意: C++ 不支持默认 int
     1>c:\users\user\documents\visual studio 2010\projects\copy\copy\阿萨德.cpp(199): error C2065: “GS_ExceptionRecord”: 未声明的标识符
     1>c:\users\user\documents\visual studio 2010\projects\copy\copy\阿萨德.cpp(199): error C2065: “GS_ContextRecord”: 未声明的标识符
     1>c:\users\user\documents\visual studio 2010\projects\copy\copy\阿萨德.cpp(199): fatal error C1003: 错误计数超过 100；正在停止编译
     1>已完成生成项目“C:\Users\user\Documents\Visual Studio 2010\Projects\Copy\Copy\Copy.vcxproj”(build 个目标)的操作 - 失败。

生成失败。

已用时间 00:00:01.14
